<?xml version="1.0" encoding="UTF-8"?>
<testsuite xmlns:xsi="http://www.w3.org/2001/XMLSchema-instance" xsi:noNamespaceSchemaLocation="https://maven.apache.org/surefire/maven-surefire-plugin/xsd/surefire-test-report.xsd" name="TestSuite" time="31.521" tests="4" errors="0" skipped="0" failures="1">
  <properties>
    <property name="sun.desktop" value="windows"/>
    <property name="awt.toolkit" value="sun.awt.windows.WToolkit"/>
    <property name="surefire.suiteXmlFiles" value="src/test/resources/testSuites/SmokeTestSuite.xml"/>
    <property name="java.specification.version" value="11"/>
    <property name="sun.cpu.isalist" value="amd64"/>
    <property name="sun.jnu.encoding" value="Cp1252"/>
    <property name="java.class.path" value="C:\Repos\webapp-test-project\target\test-classes;C:\Repos\webapp-test-project\target\classes;C:\Users\nabey\.m2\repository\org\Nadeera\selenium-framework\1.0-SNAPSHOT\selenium-framework-1.0-SNAPSHOT.jar;C:\Users\nabey\.m2\repository\org\testng\testng\7.3.0\testng-7.3.0.jar;C:\Users\nabey\.m2\repository\com\beust\jcommander\1.78\jcommander-1.78.jar;C:\Users\nabey\.m2\repository\org\apache\ant\ant\1.10.3\ant-1.10.3.jar;C:\Users\nabey\.m2\repository\org\apache\ant\ant-launcher\1.10.3\ant-launcher-1.10.3.jar;C:\Users\nabey\.m2\repository\junit\junit\4.12\junit-4.12.jar;C:\Users\nabey\.m2\repository\org\hamcrest\hamcrest-core\1.3\hamcrest-core-1.3.jar;C:\Users\nabey\.m2\repository\com\google\inject\guice\4.2.2\guice-4.2.2-no_aop.jar;C:\Users\nabey\.m2\repository\javax\inject\javax.inject\1\javax.inject-1.jar;C:\Users\nabey\.m2\repository\aopalliance\aopalliance\1.0\aopalliance-1.0.jar;C:\Users\nabey\.m2\repository\org\yaml\snakeyaml\1.21\snakeyaml-1.21.jar;C:\Users\nabey\.m2\repository\org\seleniumhq\selenium\selenium-java\3.141.59\selenium-java-3.141.59.jar;C:\Users\nabey\.m2\repository\org\seleniumhq\selenium\selenium-api\3.141.59\selenium-api-3.141.59.jar;C:\Users\nabey\.m2\repository\org\seleniumhq\selenium\selenium-chrome-driver\3.141.59\selenium-chrome-driver-3.141.59.jar;C:\Users\nabey\.m2\repository\org\seleniumhq\selenium\selenium-edge-driver\3.141.59\selenium-edge-driver-3.141.59.jar;C:\Users\nabey\.m2\repository\org\seleniumhq\selenium\selenium-firefox-driver\3.141.59\selenium-firefox-driver-3.141.59.jar;C:\Users\nabey\.m2\repository\org\seleniumhq\selenium\selenium-ie-driver\3.141.59\selenium-ie-driver-3.141.59.jar;C:\Users\nabey\.m2\repository\org\seleniumhq\selenium\selenium-opera-driver\3.141.59\selenium-opera-driver-3.141.59.jar;C:\Users\nabey\.m2\repository\org\seleniumhq\selenium\selenium-remote-driver\3.141.59\selenium-remote-driver-3.141.59.jar;C:\Users\nabey\.m2\repository\org\seleniumhq\selenium\selenium-safari-driver\3.141.59\selenium-safari-driver-3.141.59.jar;C:\Users\nabey\.m2\repository\org\seleniumhq\selenium\selenium-support\3.141.59\selenium-support-3.141.59.jar;C:\Users\nabey\.m2\repository\net\bytebuddy\byte-buddy\1.8.15\byte-buddy-1.8.15.jar;C:\Users\nabey\.m2\repository\org\apache\commons\commons-exec\1.3\commons-exec-1.3.jar;C:\Users\nabey\.m2\repository\com\google\guava\guava\25.0-jre\guava-25.0-jre.jar;C:\Users\nabey\.m2\repository\org\checkerframework\checker-compat-qual\2.0.0\checker-compat-qual-2.0.0.jar;C:\Users\nabey\.m2\repository\com\google\errorprone\error_prone_annotations\2.1.3\error_prone_annotations-2.1.3.jar;C:\Users\nabey\.m2\repository\com\google\j2objc\j2objc-annotations\1.1\j2objc-annotations-1.1.jar;C:\Users\nabey\.m2\repository\org\codehaus\mojo\animal-sniffer-annotations\1.14\animal-sniffer-annotations-1.14.jar;C:\Users\nabey\.m2\repository\com\squareup\okhttp3\okhttp\3.11.0\okhttp-3.11.0.jar;C:\Users\nabey\.m2\repository\com\squareup\okio\okio\1.14.0\okio-1.14.0.jar;C:\Users\nabey\.m2\repository\io\github\bonigarcia\webdrivermanager\4.1.0\webdrivermanager-4.1.0.jar;C:\Users\nabey\.m2\repository\org\slf4j\slf4j-api\1.7.30\slf4j-api-1.7.30.jar;C:\Users\nabey\.m2\repository\commons-io\commons-io\2.7\commons-io-2.7.jar;C:\Users\nabey\.m2\repository\com\google\code\gson\gson\2.8.6\gson-2.8.6.jar;C:\Users\nabey\.m2\repository\org\apache\commons\commons-lang3\3.10\commons-lang3-3.10.jar;C:\Users\nabey\.m2\repository\org\apache\httpcomponents\client5\httpclient5\5.0.1\httpclient5-5.0.1.jar;C:\Users\nabey\.m2\repository\org\apache\httpcomponents\core5\httpcore5\5.0.1\httpcore5-5.0.1.jar;C:\Users\nabey\.m2\repository\org\apache\httpcomponents\core5\httpcore5-h2\5.0.1\httpcore5-h2-5.0.1.jar;C:\Users\nabey\.m2\repository\org\rauschig\jarchivelib\1.0.0\jarchivelib-1.0.0.jar;C:\Users\nabey\.m2\repository\org\jsoup\jsoup\1.13.1\jsoup-1.13.1.jar;C:\Users\nabey\.m2\repository\com\aventstack\extentreports\5.0.3\extentreports-5.0.3.jar;C:\Users\nabey\.m2\repository\io\reactivex\rxjava3\rxjava\3.0.4\rxjava-3.0.4.jar;C:\Users\nabey\.m2\repository\org\reactivestreams\reactive-streams\1.0.3\reactive-streams-1.0.3.jar;C:\Users\nabey\.m2\repository\org\freemarker\freemarker\2.3.30\freemarker-2.3.30.jar;C:\Users\nabey\.m2\repository\org\projectlombok\lombok\1.18.12\lombok-1.18.12.jar;C:\Users\nabey\.m2\repository\io\qameta\allure\allure-testng\2.13.6\allure-testng-2.13.6.jar;C:\Users\nabey\.m2\repository\org\apache\poi\poi\4.1.2\poi-4.1.2.jar;C:\Users\nabey\.m2\repository\commons-codec\commons-codec\1.13\commons-codec-1.13.jar;C:\Users\nabey\.m2\repository\org\apache\commons\commons-collections4\4.4\commons-collections4-4.4.jar;C:\Users\nabey\.m2\repository\org\apache\commons\commons-math3\3.6.1\commons-math3-3.6.1.jar;C:\Users\nabey\.m2\repository\com\zaxxer\SparseBitSet\1.2\SparseBitSet-1.2.jar;C:\Users\nabey\.m2\repository\org\apache\poi\poi-ooxml\4.1.2\poi-ooxml-4.1.2.jar;C:\Users\nabey\.m2\repository\org\apache\poi\poi-ooxml-schemas\4.1.2\poi-ooxml-schemas-4.1.2.jar;C:\Users\nabey\.m2\repository\org\apache\xmlbeans\xmlbeans\3.1.0\xmlbeans-3.1.0.jar;C:\Users\nabey\.m2\repository\org\apache\commons\commons-compress\1.19\commons-compress-1.19.jar;C:\Users\nabey\.m2\repository\com\github\virtuald\curvesapi\1.06\curvesapi-1.06.jar;C:\Users\nabey\.m2\repository\org\apache\logging\log4j\log4j-api\2.13.3\log4j-api-2.13.3.jar;C:\Users\nabey\.m2\repository\org\apache\logging\log4j\log4j-core\2.13.3\log4j-core-2.13.3.jar;C:\Users\nabey\.m2\repository\com\opencsv\opencsv\5.2\opencsv-5.2.jar;C:\Users\nabey\.m2\repository\org\apache\commons\commons-text\1.8\commons-text-1.8.jar;C:\Users\nabey\.m2\repository\commons-beanutils\commons-beanutils\1.9.4\commons-beanutils-1.9.4.jar;C:\Users\nabey\.m2\repository\commons-logging\commons-logging\1.2\commons-logging-1.2.jar;C:\Users\nabey\.m2\repository\commons-collections\commons-collections\3.2.2\commons-collections-3.2.2.jar;C:\Users\nabey\.m2\repository\com\applitools\eyes-selenium-java3\3.180.0\eyes-selenium-java3-3.180.0.jar;C:\Users\nabey\.m2\repository\com\applitools\eyes-selenium-common-java3\3.180.0\eyes-selenium-common-java3-3.180.0.jar;C:\Users\nabey\.m2\repository\com\applitools\eyes-sdk-core-java3\3.180.0\eyes-sdk-core-java3-3.180.0.jar;C:\Users\nabey\.m2\repository\com\applitools\eyes-ufg-java3\3.180.0\eyes-ufg-java3-3.180.0.jar;C:\Users\nabey\.m2\repository\com\applitools\eyes-connectivity-java3\3.180.0\eyes-connectivity-java3-3.180.0.jar;C:\Users\nabey\.m2\repository\net\sourceforge\cssparser\cssparser\0.9.27\cssparser-0.9.27.jar;C:\Users\nabey\.m2\repository\org\w3c\css\sac\1.3\sac-1.3.jar;C:\Users\nabey\.m2\repository\com\applitools\eyes-connectivity-java3-jersey2x\3.180.0\eyes-connectivity-java3-jersey2x-3.180.0.jar;C:\Users\nabey\.m2\repository\com\applitools\eyes-common-java3\3.180.0\eyes-common-java3-3.180.0.jar;C:\Users\nabey\.m2\repository\org\imgscalr\imgscalr-lib\4.2\imgscalr-lib-4.2.jar;C:\Users\nabey\.m2\repository\org\brotli\dec\0.1.1\dec-0.1.1.jar;C:\Users\nabey\.m2\repository\org\glassfish\jersey\connectors\jersey-apache-connector\2.29\jersey-apache-connector-2.29.jar;C:\Users\nabey\.m2\repository\org\glassfish\jersey\core\jersey-common\2.29\jersey-common-2.29.jar;C:\Users\nabey\.m2\repository\jakarta\annotation\jakarta.annotation-api\1.3.4\jakarta.annotation-api-1.3.4.jar;C:\Users\nabey\.m2\repository\org\glassfish\hk2\osgi-resource-locator\1.0.3\osgi-resource-locator-1.0.3.jar;C:\Users\nabey\.m2\repository\com\sun\activation\jakarta.activation\1.2.1\jakarta.activation-1.2.1.jar;C:\Users\nabey\.m2\repository\jakarta\ws\rs\jakarta.ws.rs-api\2.1.5\jakarta.ws.rs-api-2.1.5.jar;C:\Users\nabey\.m2\repository\org\glassfish\jersey\core\jersey-client\2.29\jersey-client-2.29.jar;C:\Users\nabey\.m2\repository\org\glassfish\hk2\external\jakarta.inject\2.5.0\jakarta.inject-2.5.0.jar;C:\Users\nabey\.m2\repository\org\glassfish\jersey\inject\jersey-hk2\2.29\jersey-hk2-2.29.jar;C:\Users\nabey\.m2\repository\org\glassfish\hk2\hk2-locator\2.5.0\hk2-locator-2.5.0.jar;C:\Users\nabey\.m2\repository\org\glassfish\hk2\external\aopalliance-repackaged\2.5.0\aopalliance-repackaged-2.5.0.jar;C:\Users\nabey\.m2\repository\org\glassfish\hk2\hk2-api\2.5.0\hk2-api-2.5.0.jar;C:\Users\nabey\.m2\repository\org\glassfish\hk2\hk2-utils\2.5.0\hk2-utils-2.5.0.jar;C:\Users\nabey\.m2\repository\org\javassist\javassist\3.22.0-CR2\javassist-3.22.0-CR2.jar;C:\Users\nabey\.m2\repository\io\appium\java-client\7.0.0\java-client-7.0.0.jar;C:\Users\nabey\.m2\repository\org\apache\httpcomponents\httpclient\4.5.6\httpclient-4.5.6.jar;C:\Users\nabey\.m2\repository\org\apache\httpcomponents\httpcore\4.4.10\httpcore-4.4.10.jar;C:\Users\nabey\.m2\repository\cglib\cglib\3.2.8\cglib-3.2.8.jar;C:\Users\nabey\.m2\repository\org\ow2\asm\asm\6.2.1\asm-6.2.1.jar;C:\Users\nabey\.m2\repository\commons-validator\commons-validator\1.6\commons-validator-1.6.jar;C:\Users\nabey\.m2\repository\commons-digester\commons-digester\1.8.1\commons-digester-1.8.1.jar;C:\Users\nabey\.m2\repository\org\springframework\spring-context\5.1.0.RELEASE\spring-context-5.1.0.RELEASE.jar;C:\Users\nabey\.m2\repository\org\springframework\spring-aop\5.1.0.RELEASE\spring-aop-5.1.0.RELEASE.jar;C:\Users\nabey\.m2\repository\org\springframework\spring-beans\5.1.0.RELEASE\spring-beans-5.1.0.RELEASE.jar;C:\Users\nabey\.m2\repository\org\springframework\spring-core\5.1.0.RELEASE\spring-core-5.1.0.RELEASE.jar;C:\Users\nabey\.m2\repository\org\springframework\spring-jcl\5.1.0.RELEASE\spring-jcl-5.1.0.RELEASE.jar;C:\Users\nabey\.m2\repository\org\springframework\spring-expression\5.1.0.RELEASE\spring-expression-5.1.0.RELEASE.jar;C:\Users\nabey\.m2\repository\com\helger\ph-css\6.1.1\ph-css-6.1.1.jar;C:\Users\nabey\.m2\repository\com\helger\ph-commons\9.0.2\ph-commons-9.0.2.jar;C:\Users\nabey\.m2\repository\javax\activation\activation\1.1.1\activation-1.1.1.jar;C:\Users\nabey\.m2\repository\com\paulhammant\ngwebdriver\1.1.6\ngwebdriver-1.1.6.jar;C:\Users\nabey\.m2\repository\com\epam\reportportal\agent-java-testng\5.0.8\agent-java-testng-5.0.8.jar;C:\Users\nabey\.m2\repository\com\epam\reportportal\client-java\5.0.12\client-java-5.0.12.jar;C:\Users\nabey\.m2\repository\org\aspectj\aspectjweaver\1.9.2\aspectjweaver-1.9.2.jar;C:\Users\nabey\.m2\repository\org\aspectj\aspectjrt\1.9.2\aspectjrt-1.9.2.jar;C:\Users\nabey\.m2\repository\com\fasterxml\jackson\core\jackson-annotations\2.9.9\jackson-annotations-2.9.9.jar;C:\Users\nabey\.m2\repository\io\reactivex\rxjava2\rxjava\2.2.10\rxjava-2.2.10.jar;C:\Users\nabey\.m2\repository\com\google\code\findbugs\jsr305\3.0.2\jsr305-3.0.2.jar;C:\Users\nabey\.m2\repository\com\epam\reportportal\commons-model\5.0.0\commons-model-5.0.0.jar;C:\Users\nabey\.m2\repository\io\swagger\swagger-annotations\1.5.24\swagger-annotations-1.5.24.jar;C:\Users\nabey\.m2\repository\javax\validation\validation-api\2.0.1.Final\validation-api-2.0.1.Final.jar;C:\Users\nabey\.m2\repository\com\epam\reportportal\logger-java-log4j\5.0.3\logger-java-log4j-5.0.3.jar;C:\Users\nabey\.m2\repository\log4j\log4j\1.2.17\log4j-1.2.17.jar;C:\Users\nabey\.m2\repository\io\qameta\allure\allure-java-commons\2.13.6\allure-java-commons-2.13.6.jar;C:\Users\nabey\.m2\repository\io\qameta\allure\allure-model\2.13.6\allure-model-2.13.6.jar;C:\Users\nabey\.m2\repository\com\fasterxml\jackson\core\jackson-databind\2.11.2\jackson-databind-2.11.2.jar;C:\Users\nabey\.m2\repository\com\fasterxml\jackson\core\jackson-core\2.11.2\jackson-core-2.11.2.jar;C:\Users\nabey\.m2\repository\org\apache\tika\tika-core\1.24.1\tika-core-1.24.1.jar;C:\Users\nabey\.m2\repository\org\jooq\joor-java-8\0.9.13\joor-java-8-0.9.13.jar;C:\Users\nabey\.m2\repository\org\apache\maven\surefire\surefire-testng-utils\2.22.0\surefire-testng-utils-2.22.0.jar;C:\Users\nabey\.m2\repository\org\apache\maven\surefire\surefire-grouper\2.22.0\surefire-grouper-2.22.0.jar;"/>
    <property name="java.vm.vendor" value="Oracle Corporation"/>
    <property name="sun.arch.data.model" value="64"/>
    <property name="user.variant" value=""/>
    <property name="java.vendor.url" value="https://openjdk.java.net/"/>
    <property name="user.timezone" value="Asia/Colombo"/>
    <property name="java.vm.specification.version" value="11"/>
    <property name="os.name" value="Windows 10"/>
    <property name="sun.java.launcher" value="SUN_STANDARD"/>
    <property name="user.country" value="US"/>
    <property name="sun.boot.library.path" value="C:\Java\jdk-11.0.7\bin"/>
    <property name="sun.java.command" value="C:\Users\nabey\AppData\Local\Temp\surefire1177238752491638842\surefirebooter1031966756073968094.jar C:\Users\nabey\AppData\Local\Temp\surefire1177238752491638842 2020-12-09T02-22-53_256-jvmRun1 surefire12326475489479877010tmp surefire_0485264571409888103tmp"/>
    <property name="jdk.debug" value="release"/>
    <property name="surefire.test.class.path" value="C:\Repos\webapp-test-project\target\test-classes;C:\Repos\webapp-test-project\target\classes;C:\Users\nabey\.m2\repository\org\Nadeera\selenium-framework\1.0-SNAPSHOT\selenium-framework-1.0-SNAPSHOT.jar;C:\Users\nabey\.m2\repository\org\testng\testng\7.3.0\testng-7.3.0.jar;C:\Users\nabey\.m2\repository\com\beust\jcommander\1.78\jcommander-1.78.jar;C:\Users\nabey\.m2\repository\org\apache\ant\ant\1.10.3\ant-1.10.3.jar;C:\Users\nabey\.m2\repository\org\apache\ant\ant-launcher\1.10.3\ant-launcher-1.10.3.jar;C:\Users\nabey\.m2\repository\junit\junit\4.12\junit-4.12.jar;C:\Users\nabey\.m2\repository\org\hamcrest\hamcrest-core\1.3\hamcrest-core-1.3.jar;C:\Users\nabey\.m2\repository\com\google\inject\guice\4.2.2\guice-4.2.2-no_aop.jar;C:\Users\nabey\.m2\repository\javax\inject\javax.inject\1\javax.inject-1.jar;C:\Users\nabey\.m2\repository\aopalliance\aopalliance\1.0\aopalliance-1.0.jar;C:\Users\nabey\.m2\repository\org\yaml\snakeyaml\1.21\snakeyaml-1.21.jar;C:\Users\nabey\.m2\repository\org\seleniumhq\selenium\selenium-java\3.141.59\selenium-java-3.141.59.jar;C:\Users\nabey\.m2\repository\org\seleniumhq\selenium\selenium-api\3.141.59\selenium-api-3.141.59.jar;C:\Users\nabey\.m2\repository\org\seleniumhq\selenium\selenium-chrome-driver\3.141.59\selenium-chrome-driver-3.141.59.jar;C:\Users\nabey\.m2\repository\org\seleniumhq\selenium\selenium-edge-driver\3.141.59\selenium-edge-driver-3.141.59.jar;C:\Users\nabey\.m2\repository\org\seleniumhq\selenium\selenium-firefox-driver\3.141.59\selenium-firefox-driver-3.141.59.jar;C:\Users\nabey\.m2\repository\org\seleniumhq\selenium\selenium-ie-driver\3.141.59\selenium-ie-driver-3.141.59.jar;C:\Users\nabey\.m2\repository\org\seleniumhq\selenium\selenium-opera-driver\3.141.59\selenium-opera-driver-3.141.59.jar;C:\Users\nabey\.m2\repository\org\seleniumhq\selenium\selenium-remote-driver\3.141.59\selenium-remote-driver-3.141.59.jar;C:\Users\nabey\.m2\repository\org\seleniumhq\selenium\selenium-safari-driver\3.141.59\selenium-safari-driver-3.141.59.jar;C:\Users\nabey\.m2\repository\org\seleniumhq\selenium\selenium-support\3.141.59\selenium-support-3.141.59.jar;C:\Users\nabey\.m2\repository\net\bytebuddy\byte-buddy\1.8.15\byte-buddy-1.8.15.jar;C:\Users\nabey\.m2\repository\org\apache\commons\commons-exec\1.3\commons-exec-1.3.jar;C:\Users\nabey\.m2\repository\com\google\guava\guava\25.0-jre\guava-25.0-jre.jar;C:\Users\nabey\.m2\repository\org\checkerframework\checker-compat-qual\2.0.0\checker-compat-qual-2.0.0.jar;C:\Users\nabey\.m2\repository\com\google\errorprone\error_prone_annotations\2.1.3\error_prone_annotations-2.1.3.jar;C:\Users\nabey\.m2\repository\com\google\j2objc\j2objc-annotations\1.1\j2objc-annotations-1.1.jar;C:\Users\nabey\.m2\repository\org\codehaus\mojo\animal-sniffer-annotations\1.14\animal-sniffer-annotations-1.14.jar;C:\Users\nabey\.m2\repository\com\squareup\okhttp3\okhttp\3.11.0\okhttp-3.11.0.jar;C:\Users\nabey\.m2\repository\com\squareup\okio\okio\1.14.0\okio-1.14.0.jar;C:\Users\nabey\.m2\repository\io\github\bonigarcia\webdrivermanager\4.1.0\webdrivermanager-4.1.0.jar;C:\Users\nabey\.m2\repository\org\slf4j\slf4j-api\1.7.30\slf4j-api-1.7.30.jar;C:\Users\nabey\.m2\repository\commons-io\commons-io\2.7\commons-io-2.7.jar;C:\Users\nabey\.m2\repository\com\google\code\gson\gson\2.8.6\gson-2.8.6.jar;C:\Users\nabey\.m2\repository\org\apache\commons\commons-lang3\3.10\commons-lang3-3.10.jar;C:\Users\nabey\.m2\repository\org\apache\httpcomponents\client5\httpclient5\5.0.1\httpclient5-5.0.1.jar;C:\Users\nabey\.m2\repository\org\apache\httpcomponents\core5\httpcore5\5.0.1\httpcore5-5.0.1.jar;C:\Users\nabey\.m2\repository\org\apache\httpcomponents\core5\httpcore5-h2\5.0.1\httpcore5-h2-5.0.1.jar;C:\Users\nabey\.m2\repository\org\rauschig\jarchivelib\1.0.0\jarchivelib-1.0.0.jar;C:\Users\nabey\.m2\repository\org\jsoup\jsoup\1.13.1\jsoup-1.13.1.jar;C:\Users\nabey\.m2\repository\com\aventstack\extentreports\5.0.3\extentreports-5.0.3.jar;C:\Users\nabey\.m2\repository\io\reactivex\rxjava3\rxjava\3.0.4\rxjava-3.0.4.jar;C:\Users\nabey\.m2\repository\org\reactivestreams\reactive-streams\1.0.3\reactive-streams-1.0.3.jar;C:\Users\nabey\.m2\repository\org\freemarker\freemarker\2.3.30\freemarker-2.3.30.jar;C:\Users\nabey\.m2\repository\org\projectlombok\lombok\1.18.12\lombok-1.18.12.jar;C:\Users\nabey\.m2\repository\io\qameta\allure\allure-testng\2.13.6\allure-testng-2.13.6.jar;C:\Users\nabey\.m2\repository\org\apache\poi\poi\4.1.2\poi-4.1.2.jar;C:\Users\nabey\.m2\repository\commons-codec\commons-codec\1.13\commons-codec-1.13.jar;C:\Users\nabey\.m2\repository\org\apache\commons\commons-collections4\4.4\commons-collections4-4.4.jar;C:\Users\nabey\.m2\repository\org\apache\commons\commons-math3\3.6.1\commons-math3-3.6.1.jar;C:\Users\nabey\.m2\repository\com\zaxxer\SparseBitSet\1.2\SparseBitSet-1.2.jar;C:\Users\nabey\.m2\repository\org\apache\poi\poi-ooxml\4.1.2\poi-ooxml-4.1.2.jar;C:\Users\nabey\.m2\repository\org\apache\poi\poi-ooxml-schemas\4.1.2\poi-ooxml-schemas-4.1.2.jar;C:\Users\nabey\.m2\repository\org\apache\xmlbeans\xmlbeans\3.1.0\xmlbeans-3.1.0.jar;C:\Users\nabey\.m2\repository\org\apache\commons\commons-compress\1.19\commons-compress-1.19.jar;C:\Users\nabey\.m2\repository\com\github\virtuald\curvesapi\1.06\curvesapi-1.06.jar;C:\Users\nabey\.m2\repository\org\apache\logging\log4j\log4j-api\2.13.3\log4j-api-2.13.3.jar;C:\Users\nabey\.m2\repository\org\apache\logging\log4j\log4j-core\2.13.3\log4j-core-2.13.3.jar;C:\Users\nabey\.m2\repository\com\opencsv\opencsv\5.2\opencsv-5.2.jar;C:\Users\nabey\.m2\repository\org\apache\commons\commons-text\1.8\commons-text-1.8.jar;C:\Users\nabey\.m2\repository\commons-beanutils\commons-beanutils\1.9.4\commons-beanutils-1.9.4.jar;C:\Users\nabey\.m2\repository\commons-logging\commons-logging\1.2\commons-logging-1.2.jar;C:\Users\nabey\.m2\repository\commons-collections\commons-collections\3.2.2\commons-collections-3.2.2.jar;C:\Users\nabey\.m2\repository\com\applitools\eyes-selenium-java3\3.180.0\eyes-selenium-java3-3.180.0.jar;C:\Users\nabey\.m2\repository\com\applitools\eyes-selenium-common-java3\3.180.0\eyes-selenium-common-java3-3.180.0.jar;C:\Users\nabey\.m2\repository\com\applitools\eyes-sdk-core-java3\3.180.0\eyes-sdk-core-java3-3.180.0.jar;C:\Users\nabey\.m2\repository\com\applitools\eyes-ufg-java3\3.180.0\eyes-ufg-java3-3.180.0.jar;C:\Users\nabey\.m2\repository\com\applitools\eyes-connectivity-java3\3.180.0\eyes-connectivity-java3-3.180.0.jar;C:\Users\nabey\.m2\repository\net\sourceforge\cssparser\cssparser\0.9.27\cssparser-0.9.27.jar;C:\Users\nabey\.m2\repository\org\w3c\css\sac\1.3\sac-1.3.jar;C:\Users\nabey\.m2\repository\com\applitools\eyes-connectivity-java3-jersey2x\3.180.0\eyes-connectivity-java3-jersey2x-3.180.0.jar;C:\Users\nabey\.m2\repository\com\applitools\eyes-common-java3\3.180.0\eyes-common-java3-3.180.0.jar;C:\Users\nabey\.m2\repository\org\imgscalr\imgscalr-lib\4.2\imgscalr-lib-4.2.jar;C:\Users\nabey\.m2\repository\org\brotli\dec\0.1.1\dec-0.1.1.jar;C:\Users\nabey\.m2\repository\org\glassfish\jersey\connectors\jersey-apache-connector\2.29\jersey-apache-connector-2.29.jar;C:\Users\nabey\.m2\repository\org\glassfish\jersey\core\jersey-common\2.29\jersey-common-2.29.jar;C:\Users\nabey\.m2\repository\jakarta\annotation\jakarta.annotation-api\1.3.4\jakarta.annotation-api-1.3.4.jar;C:\Users\nabey\.m2\repository\org\glassfish\hk2\osgi-resource-locator\1.0.3\osgi-resource-locator-1.0.3.jar;C:\Users\nabey\.m2\repository\com\sun\activation\jakarta.activation\1.2.1\jakarta.activation-1.2.1.jar;C:\Users\nabey\.m2\repository\jakarta\ws\rs\jakarta.ws.rs-api\2.1.5\jakarta.ws.rs-api-2.1.5.jar;C:\Users\nabey\.m2\repository\org\glassfish\jersey\core\jersey-client\2.29\jersey-client-2.29.jar;C:\Users\nabey\.m2\repository\org\glassfish\hk2\external\jakarta.inject\2.5.0\jakarta.inject-2.5.0.jar;C:\Users\nabey\.m2\repository\org\glassfish\jersey\inject\jersey-hk2\2.29\jersey-hk2-2.29.jar;C:\Users\nabey\.m2\repository\org\glassfish\hk2\hk2-locator\2.5.0\hk2-locator-2.5.0.jar;C:\Users\nabey\.m2\repository\org\glassfish\hk2\external\aopalliance-repackaged\2.5.0\aopalliance-repackaged-2.5.0.jar;C:\Users\nabey\.m2\repository\org\glassfish\hk2\hk2-api\2.5.0\hk2-api-2.5.0.jar;C:\Users\nabey\.m2\repository\org\glassfish\hk2\hk2-utils\2.5.0\hk2-utils-2.5.0.jar;C:\Users\nabey\.m2\repository\org\javassist\javassist\3.22.0-CR2\javassist-3.22.0-CR2.jar;C:\Users\nabey\.m2\repository\io\appium\java-client\7.0.0\java-client-7.0.0.jar;C:\Users\nabey\.m2\repository\org\apache\httpcomponents\httpclient\4.5.6\httpclient-4.5.6.jar;C:\Users\nabey\.m2\repository\org\apache\httpcomponents\httpcore\4.4.10\httpcore-4.4.10.jar;C:\Users\nabey\.m2\repository\cglib\cglib\3.2.8\cglib-3.2.8.jar;C:\Users\nabey\.m2\repository\org\ow2\asm\asm\6.2.1\asm-6.2.1.jar;C:\Users\nabey\.m2\repository\commons-validator\commons-validator\1.6\commons-validator-1.6.jar;C:\Users\nabey\.m2\repository\commons-digester\commons-digester\1.8.1\commons-digester-1.8.1.jar;C:\Users\nabey\.m2\repository\org\springframework\spring-context\5.1.0.RELEASE\spring-context-5.1.0.RELEASE.jar;C:\Users\nabey\.m2\repository\org\springframework\spring-aop\5.1.0.RELEASE\spring-aop-5.1.0.RELEASE.jar;C:\Users\nabey\.m2\repository\org\springframework\spring-beans\5.1.0.RELEASE\spring-beans-5.1.0.RELEASE.jar;C:\Users\nabey\.m2\repository\org\springframework\spring-core\5.1.0.RELEASE\spring-core-5.1.0.RELEASE.jar;C:\Users\nabey\.m2\repository\org\springframework\spring-jcl\5.1.0.RELEASE\spring-jcl-5.1.0.RELEASE.jar;C:\Users\nabey\.m2\repository\org\springframework\spring-expression\5.1.0.RELEASE\spring-expression-5.1.0.RELEASE.jar;C:\Users\nabey\.m2\repository\com\helger\ph-css\6.1.1\ph-css-6.1.1.jar;C:\Users\nabey\.m2\repository\com\helger\ph-commons\9.0.2\ph-commons-9.0.2.jar;C:\Users\nabey\.m2\repository\javax\activation\activation\1.1.1\activation-1.1.1.jar;C:\Users\nabey\.m2\repository\com\paulhammant\ngwebdriver\1.1.6\ngwebdriver-1.1.6.jar;C:\Users\nabey\.m2\repository\com\epam\reportportal\agent-java-testng\5.0.8\agent-java-testng-5.0.8.jar;C:\Users\nabey\.m2\repository\com\epam\reportportal\client-java\5.0.12\client-java-5.0.12.jar;C:\Users\nabey\.m2\repository\org\aspectj\aspectjweaver\1.9.2\aspectjweaver-1.9.2.jar;C:\Users\nabey\.m2\repository\org\aspectj\aspectjrt\1.9.2\aspectjrt-1.9.2.jar;C:\Users\nabey\.m2\repository\com\fasterxml\jackson\core\jackson-annotations\2.9.9\jackson-annotations-2.9.9.jar;C:\Users\nabey\.m2\repository\io\reactivex\rxjava2\rxjava\2.2.10\rxjava-2.2.10.jar;C:\Users\nabey\.m2\repository\com\google\code\findbugs\jsr305\3.0.2\jsr305-3.0.2.jar;C:\Users\nabey\.m2\repository\com\epam\reportportal\commons-model\5.0.0\commons-model-5.0.0.jar;C:\Users\nabey\.m2\repository\io\swagger\swagger-annotations\1.5.24\swagger-annotations-1.5.24.jar;C:\Users\nabey\.m2\repository\javax\validation\validation-api\2.0.1.Final\validation-api-2.0.1.Final.jar;C:\Users\nabey\.m2\repository\com\epam\reportportal\logger-java-log4j\5.0.3\logger-java-log4j-5.0.3.jar;C:\Users\nabey\.m2\repository\log4j\log4j\1.2.17\log4j-1.2.17.jar;C:\Users\nabey\.m2\repository\io\qameta\allure\allure-java-commons\2.13.6\allure-java-commons-2.13.6.jar;C:\Users\nabey\.m2\repository\io\qameta\allure\allure-model\2.13.6\allure-model-2.13.6.jar;C:\Users\nabey\.m2\repository\com\fasterxml\jackson\core\jackson-databind\2.11.2\jackson-databind-2.11.2.jar;C:\Users\nabey\.m2\repository\com\fasterxml\jackson\core\jackson-core\2.11.2\jackson-core-2.11.2.jar;C:\Users\nabey\.m2\repository\org\apache\tika\tika-core\1.24.1\tika-core-1.24.1.jar;C:\Users\nabey\.m2\repository\org\jooq\joor-java-8\0.9.13\joor-java-8-0.9.13.jar;C:\Users\nabey\.m2\repository\org\apache\maven\surefire\surefire-testng-utils\2.22.0\surefire-testng-utils-2.22.0.jar;C:\Users\nabey\.m2\repository\org\apache\maven\surefire\surefire-grouper\2.22.0\surefire-grouper-2.22.0.jar;"/>
    <property name="sun.cpu.endian" value="little"/>
    <property name="user.home" value="C:\Users\nabey"/>
    <property name="user.language" value="en"/>
    <property name="java.specification.vendor" value="Oracle Corporation"/>
    <property name="java.version.date" value="2020-04-14"/>
    <property name="java.home" value="C:\Java\jdk-11.0.7"/>
    <property name="file.separator" value="\"/>
    <property name="basedir" value="C:\Repos\webapp-test-project"/>
    <property name="java.vm.compressedOopsMode" value="Zero based"/>
    <property name="line.separator" value="&#10;"/>
    <property name="java.specification.name" value="Java Platform API Specification"/>
    <property name="java.vm.specification.vendor" value="Oracle Corporation"/>
    <property name="java.awt.graphicsenv" value="sun.awt.Win32GraphicsEnvironment"/>
    <property name="surefire.real.class.path" value="C:\Users\nabey\AppData\Local\Temp\surefire1177238752491638842\surefirebooter1031966756073968094.jar"/>
    <property name="user.script" value=""/>
    <property name="sun.management.compiler" value="HotSpot 64-Bit Tiered Compilers"/>
    <property name="java.runtime.version" value="11.0.7+8-LTS"/>
    <property name="user.name" value="nabey"/>
    <property name="path.separator" value=";"/>
    <property name="os.version" value="10.0"/>
    <property name="java.runtime.name" value="Java(TM) SE Runtime Environment"/>
    <property name="file.encoding" value="Cp1252"/>
    <property name="java.vm.name" value="Java HotSpot(TM) 64-Bit Server VM"/>
    <property name="java.vendor.version" value="18.9"/>
    <property name="localRepository" value="C:\Users\nabey\.m2\repository"/>
    <property name="java.vendor.url.bug" value="https://bugreport.java.com/bugreport/"/>
    <property name="java.io.tmpdir" value="C:\Users\nabey\AppData\Local\Temp\"/>
    <property name="java.version" value="11.0.7"/>
    <property name="user.dir" value="C:\Repos\webapp-test-project"/>
    <property name="os.arch" value="amd64"/>
    <property name="java.vm.specification.name" value="Java Virtual Machine Specification"/>
    <property name="java.awt.printerjob" value="sun.awt.windows.WPrinterJob"/>
    <property name="sun.os.patch.level" value=""/>
    <property name="java.library.path" value="C:\Java\jdk-11.0.7\bin;C:\Windows\Sun\Java\bin;C:\Windows\system32;C:\Windows;C:\Program Files (x86)\Common Files\Oracle\Java\javapath;C:\Windows\system32;C:\Windows;C:\Windows\System32\Wbem;C:\Windows\System32\WindowsPowerShell\v1.0\;C:\Windows\System32\OpenSSH\;C:\Program Files\nodejs\;C:\Java\jdk-11.0.7\bin;C:\Users\nabey\Documents\geckodriver\;C:\Program Files\Git\cmd;C:\ProgramData\chocolatey\bin;C:\apache-maven-3.6.3\bin;C:\kube;C:\Program Files\Docker\Docker\resources\bin;C:\ProgramData\DockerDesktop\version-bin;C:\Users\nabey\scoop\shims;C:\Users\nabey\AppData\Local\Microsoft\WindowsApps;C:\Users\nabey\AppData\Local\Android\Sdk\platform-tools;C:\Users\nabey\AppData\Roaming\npm;C:\Users\nabey\AppData\Local\Programs\Microsoft VS Code\bin;C:\Users\nabey\Documents\geckodriver\;."/>
    <property name="java.vendor" value="Oracle Corporation"/>
    <property name="java.vm.info" value="mixed mode"/>
    <property name="java.vm.version" value="11.0.7+8-LTS"/>
    <property name="sun.io.unicode.encoding" value="UnicodeLittle"/>
    <property name="java.class.version" value="55.0"/>
  </properties>
  <testcase name="fileUploadTest" classname="com.webapp.uploadtests.UploadTests" time="4.742"/>
  <testcase name="fileUploadTest" classname="com.webapp.uploadtests.UploadTests" time="5.193"/>
  <testcase name="fileUploadTest" classname="com.webapp.uploadtests.UploadTests" time="5.568"/>
  <testcase name="logInTest" classname="com.webapp.loginpagetests.PositiveLogInTests" time="17.471">
    <failure message="actualSuccessMessage does not contain expectedSuccessMessage&#10;expectedSuccessMessage: You logged into a secure are!&#10;actualSuccessMessage: You logged into a secure area!&#10;× expected [true] but found [false]" type="java.lang.AssertionError">java.lang.AssertionError: 
actualSuccessMessage does not contain expectedSuccessMessage
expectedSuccessMessage: You logged into a secure are!
actualSuccessMessage: You logged into a secure area!
× expected [true] but found [false]
	at com.webapp.loginpagetests.PositiveLogInTests.logInTest(PositiveLogInTests.java:59)
</failure>
    <system-out><![CDATA[02:23:09.923 [TestNG-PoolService-0] INFO  fileUploadTest - Close driver
02:23:10.518 [TestNG-tests-2] INFO  UploadTests - [ALL UploadTests FINISHED]
02:23:12.190 [jersey-client-async-executor-0] DEBUG org.apache.http.client.protocol.RequestAddCookies - CookieSpec selected: default
02:23:12.199 [jersey-client-async-executor-0] DEBUG org.apache.http.client.protocol.RequestAuthCache - Auth cache not set in the context
02:23:12.200 [jersey-client-async-executor-0] DEBUG org.apache.http.impl.conn.PoolingHttpClientConnectionManager - Connection request: [route: {s}->https://eyesapi.applitools.com:443][total kept alive: 0; route allocated: 0 of 2; total allocated: 0 of 20]
02:23:12.208 [jersey-client-async-executor-0] DEBUG org.apache.http.impl.conn.PoolingHttpClientConnectionManager - Connection leased: [id: 0][route: {s}->https://eyesapi.applitools.com:443][total kept alive: 0; route allocated: 1 of 2; total allocated: 1 of 20]
02:23:12.211 [jersey-client-async-executor-0] DEBUG org.apache.http.impl.execchain.MainClientExec - Opening connection {s}->https://eyesapi.applitools.com:443
02:23:12.276 [jersey-client-async-executor-0] DEBUG org.apache.http.impl.conn.DefaultHttpClientConnectionOperator - Connecting to eyesapi.applitools.com/40.81.3.225:443
02:23:12.276 [jersey-client-async-executor-0] DEBUG org.apache.http.conn.ssl.SSLConnectionSocketFactory - Connecting socket to eyesapi.applitools.com/40.81.3.225:443 with timeout 300000
02:23:12.510 [jersey-client-async-executor-0] DEBUG org.apache.http.conn.ssl.SSLConnectionSocketFactory - Enabled protocols: [TLSv1.3, TLSv1.2, TLSv1.1, TLSv1]
02:23:12.510 [jersey-client-async-executor-0] DEBUG org.apache.http.conn.ssl.SSLConnectionSocketFactory - Enabled cipher suites:[TLS_AES_128_GCM_SHA256, TLS_AES_256_GCM_SHA384, TLS_ECDHE_ECDSA_WITH_AES_256_GCM_SHA384, TLS_ECDHE_ECDSA_WITH_AES_128_GCM_SHA256, TLS_ECDHE_RSA_WITH_AES_256_GCM_SHA384, TLS_RSA_WITH_AES_256_GCM_SHA384, TLS_ECDH_ECDSA_WITH_AES_256_GCM_SHA384, TLS_ECDH_RSA_WITH_AES_256_GCM_SHA384, TLS_DHE_RSA_WITH_AES_256_GCM_SHA384, TLS_DHE_DSS_WITH_AES_256_GCM_SHA384, TLS_ECDHE_RSA_WITH_AES_128_GCM_SHA256, TLS_RSA_WITH_AES_128_GCM_SHA256, TLS_ECDH_ECDSA_WITH_AES_128_GCM_SHA256, TLS_ECDH_RSA_WITH_AES_128_GCM_SHA256, TLS_DHE_RSA_WITH_AES_128_GCM_SHA256, TLS_DHE_DSS_WITH_AES_128_GCM_SHA256, TLS_ECDHE_ECDSA_WITH_AES_256_CBC_SHA384, TLS_ECDHE_RSA_WITH_AES_256_CBC_SHA384, TLS_RSA_WITH_AES_256_CBC_SHA256, TLS_ECDH_ECDSA_WITH_AES_256_CBC_SHA384, TLS_ECDH_RSA_WITH_AES_256_CBC_SHA384, TLS_DHE_RSA_WITH_AES_256_CBC_SHA256, TLS_DHE_DSS_WITH_AES_256_CBC_SHA256, TLS_ECDHE_ECDSA_WITH_AES_256_CBC_SHA, TLS_ECDHE_RSA_WITH_AES_256_CBC_SHA, TLS_RSA_WITH_AES_256_CBC_SHA, TLS_ECDH_ECDSA_WITH_AES_256_CBC_SHA, TLS_ECDH_RSA_WITH_AES_256_CBC_SHA, TLS_DHE_RSA_WITH_AES_256_CBC_SHA, TLS_DHE_DSS_WITH_AES_256_CBC_SHA, TLS_ECDHE_ECDSA_WITH_AES_128_CBC_SHA256, TLS_ECDHE_RSA_WITH_AES_128_CBC_SHA256, TLS_RSA_WITH_AES_128_CBC_SHA256, TLS_ECDH_ECDSA_WITH_AES_128_CBC_SHA256, TLS_ECDH_RSA_WITH_AES_128_CBC_SHA256, TLS_DHE_RSA_WITH_AES_128_CBC_SHA256, TLS_DHE_DSS_WITH_AES_128_CBC_SHA256, TLS_ECDHE_ECDSA_WITH_AES_128_CBC_SHA, TLS_ECDHE_RSA_WITH_AES_128_CBC_SHA, TLS_RSA_WITH_AES_128_CBC_SHA, TLS_ECDH_ECDSA_WITH_AES_128_CBC_SHA, TLS_ECDH_RSA_WITH_AES_128_CBC_SHA, TLS_DHE_RSA_WITH_AES_128_CBC_SHA, TLS_DHE_DSS_WITH_AES_128_CBC_SHA, TLS_EMPTY_RENEGOTIATION_INFO_SCSV]
02:23:12.511 [jersey-client-async-executor-0] DEBUG org.apache.http.conn.ssl.SSLConnectionSocketFactory - Starting handshake
02:23:13.040 [jersey-client-async-executor-0] DEBUG org.apache.http.conn.ssl.SSLConnectionSocketFactory - Secure session established
02:23:13.040 [jersey-client-async-executor-0] DEBUG org.apache.http.conn.ssl.SSLConnectionSocketFactory -  negotiated protocol: TLSv1.2
02:23:13.040 [jersey-client-async-executor-0] DEBUG org.apache.http.conn.ssl.SSLConnectionSocketFactory -  negotiated cipher suite: TLS_ECDHE_RSA_WITH_AES_256_GCM_SHA384
02:23:13.041 [jersey-client-async-executor-0] DEBUG org.apache.http.conn.ssl.SSLConnectionSocketFactory -  peer principal: CN=*.applitools.com, O=Applitools Inc., L=San mateo, ST=California, C=US
02:23:13.042 [jersey-client-async-executor-0] DEBUG org.apache.http.conn.ssl.SSLConnectionSocketFactory -  peer alternative names: [*.applitools.com, applitools.com]
02:23:13.042 [jersey-client-async-executor-0] DEBUG org.apache.http.conn.ssl.SSLConnectionSocketFactory -  issuer principal: CN=DigiCert SHA2 Secure Server CA, O=DigiCert Inc, C=US
02:23:13.044 [jersey-client-async-executor-0] DEBUG org.apache.http.impl.conn.DefaultHttpClientConnectionOperator - Connection established 192.168.1.2:4043<->40.81.3.225:443
02:23:13.045 [jersey-client-async-executor-0] DEBUG org.apache.http.impl.execchain.MainClientExec - Executing request POST /api/sessions/running?apiKey=VNmDaPWGLMG1PBjouBddUT6iUAukSWznwUnumISSIwE110 HTTP/1.1
02:23:13.045 [jersey-client-async-executor-0] DEBUG org.apache.http.impl.execchain.MainClientExec - Target auth state: UNCHALLENGED
02:23:13.045 [jersey-client-async-executor-0] DEBUG org.apache.http.impl.execchain.MainClientExec - Proxy auth state: UNCHALLENGED
02:23:13.376 [jersey-client-async-executor-0] DEBUG org.apache.http.impl.execchain.MainClientExec - Connection can be kept alive indefinitely
02:23:13.377 [jersey-client-async-executor-0] DEBUG org.apache.http.impl.conn.PoolingHttpClientConnectionManager - Connection [id: 0][route: {s}->https://eyesapi.applitools.com:443] can be kept alive indefinitely
02:23:13.377 [jersey-client-async-executor-0] DEBUG org.apache.http.impl.conn.PoolingHttpClientConnectionManager - Connection released: [id: 0][route: {s}->https://eyesapi.applitools.com:443][total kept alive: 1; route allocated: 1 of 2; total allocated: 1 of 20]
02:23:13.392 [jersey-client-async-executor-1] DEBUG org.apache.http.client.protocol.RequestAddCookies - CookieSpec selected: default
02:23:13.394 [jersey-client-async-executor-1] DEBUG org.apache.http.client.protocol.RequestAuthCache - Auth cache not set in the context
02:23:13.394 [jersey-client-async-executor-1] DEBUG org.apache.http.impl.conn.PoolingHttpClientConnectionManager - Connection request: [route: {s}->https://eyesapi.applitools.com:443][total kept alive: 1; route allocated: 1 of 2; total allocated: 1 of 20]
02:23:13.394 [jersey-client-async-executor-1] DEBUG org.apache.http.impl.conn.PoolingHttpClientConnectionManager - Connection leased: [id: 0][route: {s}->https://eyesapi.applitools.com:443][total kept alive: 0; route allocated: 1 of 2; total allocated: 1 of 20]
02:23:13.395 [jersey-client-async-executor-1] DEBUG org.apache.http.impl.execchain.MainClientExec - Executing request GET /api/tasks/00637430575932434242%7e2/status?apiKey=VNmDaPWGLMG1PBjouBddUT6iUAukSWznwUnumISSIwE110 HTTP/1.1
02:23:13.396 [jersey-client-async-executor-1] DEBUG org.apache.http.impl.execchain.MainClientExec - Target auth state: UNCHALLENGED
02:23:13.396 [jersey-client-async-executor-1] DEBUG org.apache.http.impl.execchain.MainClientExec - Proxy auth state: UNCHALLENGED
02:23:13.651 [jersey-client-async-executor-1] DEBUG org.apache.http.impl.execchain.MainClientExec - Connection can be kept alive indefinitely
02:23:13.651 [jersey-client-async-executor-1] DEBUG org.apache.http.impl.conn.PoolingHttpClientConnectionManager - Connection [id: 0][route: {s}->https://eyesapi.applitools.com:443] can be kept alive indefinitely
02:23:13.651 [jersey-client-async-executor-1] DEBUG org.apache.http.impl.conn.PoolingHttpClientConnectionManager - Connection released: [id: 0][route: {s}->https://eyesapi.applitools.com:443][total kept alive: 1; route allocated: 1 of 2; total allocated: 1 of 20]
02:23:14.159 [jersey-client-async-executor-0] DEBUG org.apache.http.client.protocol.RequestAddCookies - CookieSpec selected: default
02:23:14.161 [jersey-client-async-executor-0] DEBUG org.apache.http.client.protocol.RequestAuthCache - Auth cache not set in the context
02:23:14.161 [jersey-client-async-executor-0] DEBUG org.apache.http.impl.conn.PoolingHttpClientConnectionManager - Connection request: [route: {s}->https://eyesapi.applitools.com:443][total kept alive: 1; route allocated: 1 of 2; total allocated: 1 of 20]
02:23:14.161 [jersey-client-async-executor-0] DEBUG org.apache.http.impl.conn.PoolingHttpClientConnectionManager - Connection leased: [id: 0][route: {s}->https://eyesapi.applitools.com:443][total kept alive: 0; route allocated: 1 of 2; total allocated: 1 of 20]
02:23:14.162 [jersey-client-async-executor-0] DEBUG org.apache.http.impl.execchain.MainClientExec - Executing request GET /api/tasks/00637430575932434242%7e2/status?apiKey=VNmDaPWGLMG1PBjouBddUT6iUAukSWznwUnumISSIwE110 HTTP/1.1
02:23:14.163 [jersey-client-async-executor-0] DEBUG org.apache.http.impl.execchain.MainClientExec - Target auth state: UNCHALLENGED
02:23:14.163 [jersey-client-async-executor-0] DEBUG org.apache.http.impl.execchain.MainClientExec - Proxy auth state: UNCHALLENGED
02:23:14.393 [jersey-client-async-executor-0] DEBUG org.apache.http.impl.execchain.MainClientExec - Connection can be kept alive indefinitely
02:23:14.393 [jersey-client-async-executor-0] DEBUG org.apache.http.impl.conn.PoolingHttpClientConnectionManager - Connection [id: 0][route: {s}->https://eyesapi.applitools.com:443] can be kept alive indefinitely
02:23:14.394 [jersey-client-async-executor-0] DEBUG org.apache.http.impl.conn.PoolingHttpClientConnectionManager - Connection released: [id: 0][route: {s}->https://eyesapi.applitools.com:443][total kept alive: 1; route allocated: 1 of 2; total allocated: 1 of 20]
02:23:14.395 [jersey-client-async-executor-1] DEBUG org.apache.http.client.protocol.RequestAddCookies - CookieSpec selected: default
02:23:14.397 [jersey-client-async-executor-1] DEBUG org.apache.http.client.protocol.RequestAuthCache - Auth cache not set in the context
02:23:14.397 [jersey-client-async-executor-1] DEBUG org.apache.http.impl.conn.PoolingHttpClientConnectionManager - Connection request: [route: {s}->https://eyesapi.applitools.com:443][total kept alive: 1; route allocated: 1 of 2; total allocated: 1 of 20]
02:23:14.397 [jersey-client-async-executor-1] DEBUG org.apache.http.impl.conn.PoolingHttpClientConnectionManager - Connection leased: [id: 0][route: {s}->https://eyesapi.applitools.com:443][total kept alive: 0; route allocated: 1 of 2; total allocated: 1 of 20]
02:23:14.398 [jersey-client-async-executor-1] DEBUG org.apache.http.impl.execchain.MainClientExec - Executing request DELETE /api/tasks/00637430575932434242%7e2/result?apiKey=VNmDaPWGLMG1PBjouBddUT6iUAukSWznwUnumISSIwE110 HTTP/1.1
02:23:14.398 [jersey-client-async-executor-1] DEBUG org.apache.http.impl.execchain.MainClientExec - Target auth state: UNCHALLENGED
02:23:14.398 [jersey-client-async-executor-1] DEBUG org.apache.http.impl.execchain.MainClientExec - Proxy auth state: UNCHALLENGED
02:23:14.634 [jersey-client-async-executor-1] DEBUG org.apache.http.impl.execchain.MainClientExec - Connection can be kept alive indefinitely
02:23:14.636 [jersey-client-async-executor-1] DEBUG org.apache.http.impl.conn.PoolingHttpClientConnectionManager - Connection [id: 0][route: {s}->https://eyesapi.applitools.com:443] can be kept alive indefinitely
02:23:14.636 [jersey-client-async-executor-1] DEBUG org.apache.http.impl.conn.PoolingHttpClientConnectionManager - Connection released: [id: 0][route: {s}->https://eyesapi.applitools.com:443][total kept alive: 1; route allocated: 1 of 2; total allocated: 1 of 20]
02:23:16.909 [jersey-client-async-executor-1] DEBUG org.apache.http.client.protocol.RequestAddCookies - CookieSpec selected: default
02:23:16.911 [jersey-client-async-executor-1] DEBUG org.apache.http.client.protocol.RequestAuthCache - Auth cache not set in the context
02:23:16.911 [jersey-client-async-executor-1] DEBUG org.apache.http.impl.conn.PoolingHttpClientConnectionManager - Connection request: [route: {s}->https://eyesapi.applitools.com:443][total kept alive: 1; route allocated: 1 of 2; total allocated: 1 of 20]
02:23:16.912 [jersey-client-async-executor-1] DEBUG org.apache.http.impl.conn.PoolingHttpClientConnectionManager - Connection leased: [id: 0][route: {s}->https://eyesapi.applitools.com:443][total kept alive: 0; route allocated: 1 of 2; total allocated: 1 of 20]
02:23:16.913 [jersey-client-async-executor-1] DEBUG org.apache.http.impl.execchain.MainClientExec - Executing request GET /api/sessions/renderinfo?apiKey=VNmDaPWGLMG1PBjouBddUT6iUAukSWznwUnumISSIwE110 HTTP/1.1
02:23:16.913 [jersey-client-async-executor-1] DEBUG org.apache.http.impl.execchain.MainClientExec - Target auth state: UNCHALLENGED
02:23:16.913 [jersey-client-async-executor-1] DEBUG org.apache.http.impl.execchain.MainClientExec - Proxy auth state: UNCHALLENGED
02:23:17.147 [jersey-client-async-executor-1] DEBUG org.apache.http.impl.execchain.MainClientExec - Connection can be kept alive indefinitely
02:23:17.148 [jersey-client-async-executor-1] DEBUG org.apache.http.impl.conn.PoolingHttpClientConnectionManager - Connection [id: 0][route: {s}->https://eyesapi.applitools.com:443] can be kept alive indefinitely
02:23:17.148 [jersey-client-async-executor-1] DEBUG org.apache.http.impl.conn.PoolingHttpClientConnectionManager - Connection released: [id: 0][route: {s}->https://eyesapi.applitools.com:443][total kept alive: 1; route allocated: 1 of 2; total allocated: 1 of 20]
02:23:17.153 [jersey-client-async-executor-1] DEBUG org.apache.http.client.protocol.RequestAddCookies - CookieSpec selected: default
02:23:17.155 [jersey-client-async-executor-1] DEBUG org.apache.http.client.protocol.RequestAuthCache - Auth cache not set in the context
02:23:17.155 [jersey-client-async-executor-1] DEBUG org.apache.http.impl.conn.PoolingHttpClientConnectionManager - Connection request: [route: {s}->https://eyespublicwusi0.blob.core.windows.net:443][total kept alive: 1; route allocated: 0 of 2; total allocated: 1 of 20]
02:23:17.155 [jersey-client-async-executor-1] DEBUG org.apache.http.impl.conn.PoolingHttpClientConnectionManager - Connection leased: [id: 1][route: {s}->https://eyespublicwusi0.blob.core.windows.net:443][total kept alive: 1; route allocated: 1 of 2; total allocated: 2 of 20]
02:23:17.156 [jersey-client-async-executor-1] DEBUG org.apache.http.impl.execchain.MainClientExec - Opening connection {s}->https://eyespublicwusi0.blob.core.windows.net:443
02:23:17.228 [jersey-client-async-executor-1] DEBUG org.apache.http.impl.conn.DefaultHttpClientConnectionOperator - Connecting to eyespublicwusi0.blob.core.windows.net/40.112.152.16:443
02:23:17.228 [jersey-client-async-executor-1] DEBUG org.apache.http.conn.ssl.SSLConnectionSocketFactory - Connecting socket to eyespublicwusi0.blob.core.windows.net/40.112.152.16:443 with timeout 300000
02:23:17.450 [jersey-client-async-executor-1] DEBUG org.apache.http.conn.ssl.SSLConnectionSocketFactory - Enabled protocols: [TLSv1.3, TLSv1.2, TLSv1.1, TLSv1]
02:23:17.451 [jersey-client-async-executor-1] DEBUG org.apache.http.conn.ssl.SSLConnectionSocketFactory - Enabled cipher suites:[TLS_AES_128_GCM_SHA256, TLS_AES_256_GCM_SHA384, TLS_ECDHE_ECDSA_WITH_AES_256_GCM_SHA384, TLS_ECDHE_ECDSA_WITH_AES_128_GCM_SHA256, TLS_ECDHE_RSA_WITH_AES_256_GCM_SHA384, TLS_RSA_WITH_AES_256_GCM_SHA384, TLS_ECDH_ECDSA_WITH_AES_256_GCM_SHA384, TLS_ECDH_RSA_WITH_AES_256_GCM_SHA384, TLS_DHE_RSA_WITH_AES_256_GCM_SHA384, TLS_DHE_DSS_WITH_AES_256_GCM_SHA384, TLS_ECDHE_RSA_WITH_AES_128_GCM_SHA256, TLS_RSA_WITH_AES_128_GCM_SHA256, TLS_ECDH_ECDSA_WITH_AES_128_GCM_SHA256, TLS_ECDH_RSA_WITH_AES_128_GCM_SHA256, TLS_DHE_RSA_WITH_AES_128_GCM_SHA256, TLS_DHE_DSS_WITH_AES_128_GCM_SHA256, TLS_ECDHE_ECDSA_WITH_AES_256_CBC_SHA384, TLS_ECDHE_RSA_WITH_AES_256_CBC_SHA384, TLS_RSA_WITH_AES_256_CBC_SHA256, TLS_ECDH_ECDSA_WITH_AES_256_CBC_SHA384, TLS_ECDH_RSA_WITH_AES_256_CBC_SHA384, TLS_DHE_RSA_WITH_AES_256_CBC_SHA256, TLS_DHE_DSS_WITH_AES_256_CBC_SHA256, TLS_ECDHE_ECDSA_WITH_AES_256_CBC_SHA, TLS_ECDHE_RSA_WITH_AES_256_CBC_SHA, TLS_RSA_WITH_AES_256_CBC_SHA, TLS_ECDH_ECDSA_WITH_AES_256_CBC_SHA, TLS_ECDH_RSA_WITH_AES_256_CBC_SHA, TLS_DHE_RSA_WITH_AES_256_CBC_SHA, TLS_DHE_DSS_WITH_AES_256_CBC_SHA, TLS_ECDHE_ECDSA_WITH_AES_128_CBC_SHA256, TLS_ECDHE_RSA_WITH_AES_128_CBC_SHA256, TLS_RSA_WITH_AES_128_CBC_SHA256, TLS_ECDH_ECDSA_WITH_AES_128_CBC_SHA256, TLS_ECDH_RSA_WITH_AES_128_CBC_SHA256, TLS_DHE_RSA_WITH_AES_128_CBC_SHA256, TLS_DHE_DSS_WITH_AES_128_CBC_SHA256, TLS_ECDHE_ECDSA_WITH_AES_128_CBC_SHA, TLS_ECDHE_RSA_WITH_AES_128_CBC_SHA, TLS_RSA_WITH_AES_128_CBC_SHA, TLS_ECDH_ECDSA_WITH_AES_128_CBC_SHA, TLS_ECDH_RSA_WITH_AES_128_CBC_SHA, TLS_DHE_RSA_WITH_AES_128_CBC_SHA, TLS_DHE_DSS_WITH_AES_128_CBC_SHA, TLS_EMPTY_RENEGOTIATION_INFO_SCSV]
02:23:17.453 [jersey-client-async-executor-1] DEBUG org.apache.http.conn.ssl.SSLConnectionSocketFactory - Starting handshake
02:23:17.912 [jersey-client-async-executor-1] DEBUG org.apache.http.conn.ssl.SSLConnectionSocketFactory - Secure session established
02:23:17.913 [jersey-client-async-executor-1] DEBUG org.apache.http.conn.ssl.SSLConnectionSocketFactory -  negotiated protocol: TLSv1.2
02:23:17.913 [jersey-client-async-executor-1] DEBUG org.apache.http.conn.ssl.SSLConnectionSocketFactory -  negotiated cipher suite: TLS_ECDHE_RSA_WITH_AES_256_GCM_SHA384
02:23:17.913 [jersey-client-async-executor-1] DEBUG org.apache.http.conn.ssl.SSLConnectionSocketFactory -  peer principal: CN=*.blob.core.windows.net
02:23:17.915 [jersey-client-async-executor-1] DEBUG org.apache.http.conn.ssl.SSLConnectionSocketFactory -  peer alternative names: [*.blob.core.windows.net, *.by4prdstr02a.store.core.windows.net, *.blob.storage.azure.net, *.z1.blob.storage.azure.net, *.z2.blob.storage.azure.net, *.z3.blob.storage.azure.net, *.z4.blob.storage.azure.net, *.z5.blob.storage.azure.net, *.z6.blob.storage.azure.net, *.z7.blob.storage.azure.net, *.z8.blob.storage.azure.net, *.z9.blob.storage.azure.net, *.z10.blob.storage.azure.net, *.z11.blob.storage.azure.net, *.z12.blob.storage.azure.net, *.z13.blob.storage.azure.net, *.z14.blob.storage.azure.net, *.z15.blob.storage.azure.net, *.z16.blob.storage.azure.net, *.z17.blob.storage.azure.net, *.z18.blob.storage.azure.net, *.z19.blob.storage.azure.net, *.z20.blob.storage.azure.net, *.z21.blob.storage.azure.net, *.z22.blob.storage.azure.net, *.z23.blob.storage.azure.net, *.z24.blob.storage.azure.net, *.z25.blob.storage.azure.net, *.z26.blob.storage.azure.net, *.z27.blob.storage.azure.net, *.z28.blob.storage.azure.net, *.z29.blob.storage.azure.net, *.z30.blob.storage.azure.net, *.z31.blob.storage.azure.net, *.z32.blob.storage.azure.net, *.z33.blob.storage.azure.net, *.z34.blob.storage.azure.net, *.z35.blob.storage.azure.net, *.z36.blob.storage.azure.net, *.z37.blob.storage.azure.net, *.z38.blob.storage.azure.net, *.z39.blob.storage.azure.net, *.z40.blob.storage.azure.net, *.z41.blob.storage.azure.net, *.z42.blob.storage.azure.net, *.z43.blob.storage.azure.net, *.z44.blob.storage.azure.net, *.z45.blob.storage.azure.net, *.z46.blob.storage.azure.net, *.z47.blob.storage.azure.net, *.z48.blob.storage.azure.net, *.z49.blob.storage.azure.net, *.z50.blob.storage.azure.net]
02:23:17.915 [jersey-client-async-executor-1] DEBUG org.apache.http.conn.ssl.SSLConnectionSocketFactory -  issuer principal: CN=Microsoft RSA TLS CA 02, O=Microsoft Corporation, C=US
02:23:17.917 [jersey-client-async-executor-1] DEBUG org.apache.http.impl.conn.DefaultHttpClientConnectionOperator - Connection established 192.168.1.2:4046<->40.112.152.16:443
02:23:17.917 [jersey-client-async-executor-1] DEBUG org.apache.http.impl.execchain.MainClientExec - Executing request PUT /a158073-se/292c584f-c4b5-41f2-b86f-2a7a11f141e8?sv=2017-04-17&sr=c&sig=ImL1rgm4eSQ1RO9C1Po50aqICURLLcDgc2v3XQQsapc%3D&se=2020-12-09T20%3A53%3A17Z&sp=w&accessKey=VNmDaPWGLMG1PBjouBddUT6iUAukSWznwUnumISSIwE110 HTTP/1.1
02:23:17.917 [jersey-client-async-executor-1] DEBUG org.apache.http.impl.execchain.MainClientExec - Target auth state: UNCHALLENGED
02:23:17.918 [jersey-client-async-executor-1] DEBUG org.apache.http.impl.execchain.MainClientExec - Proxy auth state: UNCHALLENGED
02:23:18.371 [jersey-client-async-executor-1] DEBUG org.apache.http.impl.execchain.MainClientExec - Connection can be kept alive indefinitely
02:23:18.371 [jersey-client-async-executor-1] DEBUG org.apache.http.impl.conn.PoolingHttpClientConnectionManager - Connection [id: 1][route: {s}->https://eyespublicwusi0.blob.core.windows.net:443] can be kept alive indefinitely
02:23:18.371 [jersey-client-async-executor-1] DEBUG org.apache.http.impl.conn.PoolingHttpClientConnectionManager - Connection released: [id: 1][route: {s}->https://eyespublicwusi0.blob.core.windows.net:443][total kept alive: 2; route allocated: 1 of 2; total allocated: 2 of 20]
02:23:18.467 [jersey-client-async-executor-1] DEBUG org.apache.http.client.protocol.RequestAddCookies - CookieSpec selected: default
02:23:18.467 [jersey-client-async-executor-1] DEBUG org.apache.http.client.protocol.RequestAuthCache - Auth cache not set in the context
02:23:18.468 [jersey-client-async-executor-1] DEBUG org.apache.http.impl.conn.PoolingHttpClientConnectionManager - Connection request: [route: {s}->https://eyespublicwusi0.blob.core.windows.net:443][total kept alive: 2; route allocated: 1 of 2; total allocated: 2 of 20]
02:23:18.469 [jersey-client-async-executor-1] DEBUG org.apache.http.impl.conn.PoolingHttpClientConnectionManager - Connection leased: [id: 1][route: {s}->https://eyespublicwusi0.blob.core.windows.net:443][total kept alive: 1; route allocated: 1 of 2; total allocated: 2 of 20]
02:23:18.469 [jersey-client-async-executor-1] DEBUG org.apache.http.impl.execchain.MainClientExec - Executing request PUT /a158073-se/7e2cea82-88f7-480a-bf46-7d5410bc4379?sv=2017-04-17&sr=c&sig=ImL1rgm4eSQ1RO9C1Po50aqICURLLcDgc2v3XQQsapc%3D&se=2020-12-09T20%3A53%3A17Z&sp=w&accessKey=VNmDaPWGLMG1PBjouBddUT6iUAukSWznwUnumISSIwE110 HTTP/1.1
02:23:18.470 [jersey-client-async-executor-1] DEBUG org.apache.http.impl.execchain.MainClientExec - Target auth state: UNCHALLENGED
02:23:18.470 [jersey-client-async-executor-1] DEBUG org.apache.http.impl.execchain.MainClientExec - Proxy auth state: UNCHALLENGED
02:23:18.705 [jersey-client-async-executor-1] DEBUG org.apache.http.impl.execchain.MainClientExec - Connection can be kept alive indefinitely
02:23:18.706 [jersey-client-async-executor-1] DEBUG org.apache.http.impl.conn.PoolingHttpClientConnectionManager - Connection [id: 1][route: {s}->https://eyespublicwusi0.blob.core.windows.net:443] can be kept alive indefinitely
02:23:18.707 [jersey-client-async-executor-1] DEBUG org.apache.http.impl.conn.PoolingHttpClientConnectionManager - Connection released: [id: 1][route: {s}->https://eyespublicwusi0.blob.core.windows.net:443][total kept alive: 2; route allocated: 1 of 2; total allocated: 2 of 20]
02:23:18.711 [jersey-client-async-executor-0] DEBUG org.apache.http.client.protocol.RequestAddCookies - CookieSpec selected: default
02:23:18.713 [jersey-client-async-executor-0] DEBUG org.apache.http.client.protocol.RequestAuthCache - Auth cache not set in the context
02:23:18.713 [jersey-client-async-executor-0] DEBUG org.apache.http.impl.conn.PoolingHttpClientConnectionManager - Connection request: [route: {s}->https://eyesapi.applitools.com:443][total kept alive: 2; route allocated: 1 of 2; total allocated: 2 of 20]
02:23:18.713 [jersey-client-async-executor-0] DEBUG org.apache.http.impl.conn.PoolingHttpClientConnectionManager - Connection leased: [id: 0][route: {s}->https://eyesapi.applitools.com:443][total kept alive: 1; route allocated: 1 of 2; total allocated: 2 of 20]
02:23:18.714 [jersey-client-async-executor-0] DEBUG org.apache.http.impl.execchain.MainClientExec - Executing request POST /api/sessions/running/KeyMMzEv7UeKa7wZLSfZIw~~$1b59f78c9-7d6e-498e-a321-9a48f2f4026c$24?apiKey=VNmDaPWGLMG1PBjouBddUT6iUAukSWznwUnumISSIwE110 HTTP/1.1
02:23:18.714 [jersey-client-async-executor-0] DEBUG org.apache.http.impl.execchain.MainClientExec - Target auth state: UNCHALLENGED
02:23:18.715 [jersey-client-async-executor-0] DEBUG org.apache.http.impl.execchain.MainClientExec - Proxy auth state: UNCHALLENGED
02:23:18.979 [jersey-client-async-executor-0] DEBUG org.apache.http.impl.execchain.MainClientExec - Connection can be kept alive indefinitely
02:23:18.980 [jersey-client-async-executor-0] DEBUG org.apache.http.impl.conn.PoolingHttpClientConnectionManager - Connection [id: 0][route: {s}->https://eyesapi.applitools.com:443] can be kept alive indefinitely
02:23:18.980 [jersey-client-async-executor-0] DEBUG org.apache.http.impl.conn.PoolingHttpClientConnectionManager - Connection released: [id: 0][route: {s}->https://eyesapi.applitools.com:443][total kept alive: 2; route allocated: 1 of 2; total allocated: 2 of 20]
02:23:18.983 [jersey-client-async-executor-1] DEBUG org.apache.http.client.protocol.RequestAddCookies - CookieSpec selected: default
02:23:18.983 [jersey-client-async-executor-1] DEBUG org.apache.http.client.protocol.RequestAuthCache - Auth cache not set in the context
02:23:18.983 [jersey-client-async-executor-1] DEBUG org.apache.http.impl.conn.PoolingHttpClientConnectionManager - Connection request: [route: {s}->https://eyesapi.applitools.com:443][total kept alive: 2; route allocated: 1 of 2; total allocated: 2 of 20]
02:23:18.984 [jersey-client-async-executor-1] DEBUG org.apache.http.impl.conn.PoolingHttpClientConnectionManager - Connection leased: [id: 0][route: {s}->https://eyesapi.applitools.com:443][total kept alive: 1; route allocated: 1 of 2; total allocated: 2 of 20]
02:23:18.985 [jersey-client-async-executor-1] DEBUG org.apache.http.impl.execchain.MainClientExec - Executing request GET /api/tasks/00637430575988363374%7e2/status?apiKey=VNmDaPWGLMG1PBjouBddUT6iUAukSWznwUnumISSIwE110 HTTP/1.1
02:23:18.986 [jersey-client-async-executor-1] DEBUG org.apache.http.impl.execchain.MainClientExec - Target auth state: UNCHALLENGED
02:23:18.986 [jersey-client-async-executor-1] DEBUG org.apache.http.impl.execchain.MainClientExec - Proxy auth state: UNCHALLENGED
02:23:19.237 [jersey-client-async-executor-1] DEBUG org.apache.http.impl.execchain.MainClientExec - Connection can be kept alive indefinitely
02:23:19.237 [jersey-client-async-executor-1] DEBUG org.apache.http.impl.conn.PoolingHttpClientConnectionManager - Connection [id: 0][route: {s}->https://eyesapi.applitools.com:443] can be kept alive indefinitely
02:23:19.239 [jersey-client-async-executor-1] DEBUG org.apache.http.impl.conn.PoolingHttpClientConnectionManager - Connection released: [id: 0][route: {s}->https://eyesapi.applitools.com:443][total kept alive: 2; route allocated: 1 of 2; total allocated: 2 of 20]
02:23:19.742 [jersey-client-async-executor-0] DEBUG org.apache.http.client.protocol.RequestAddCookies - CookieSpec selected: default
02:23:19.742 [jersey-client-async-executor-0] DEBUG org.apache.http.client.protocol.RequestAuthCache - Auth cache not set in the context
02:23:19.744 [jersey-client-async-executor-0] DEBUG org.apache.http.impl.conn.PoolingHttpClientConnectionManager - Connection request: [route: {s}->https://eyesapi.applitools.com:443][total kept alive: 2; route allocated: 1 of 2; total allocated: 2 of 20]
02:23:19.744 [jersey-client-async-executor-0] DEBUG org.apache.http.impl.conn.PoolingHttpClientConnectionManager - Connection leased: [id: 0][route: {s}->https://eyesapi.applitools.com:443][total kept alive: 1; route allocated: 1 of 2; total allocated: 2 of 20]
02:23:19.744 [jersey-client-async-executor-0] DEBUG org.apache.http.impl.execchain.MainClientExec - Executing request GET /api/tasks/00637430575988363374%7e2/status?apiKey=VNmDaPWGLMG1PBjouBddUT6iUAukSWznwUnumISSIwE110 HTTP/1.1
02:23:19.746 [jersey-client-async-executor-0] DEBUG org.apache.http.impl.execchain.MainClientExec - Target auth state: UNCHALLENGED
02:23:19.746 [jersey-client-async-executor-0] DEBUG org.apache.http.impl.execchain.MainClientExec - Proxy auth state: UNCHALLENGED
02:23:19.977 [jersey-client-async-executor-0] DEBUG org.apache.http.impl.execchain.MainClientExec - Connection can be kept alive indefinitely
02:23:19.978 [jersey-client-async-executor-0] DEBUG org.apache.http.impl.conn.PoolingHttpClientConnectionManager - Connection [id: 0][route: {s}->https://eyesapi.applitools.com:443] can be kept alive indefinitely
02:23:19.979 [jersey-client-async-executor-0] DEBUG org.apache.http.impl.conn.PoolingHttpClientConnectionManager - Connection released: [id: 0][route: {s}->https://eyesapi.applitools.com:443][total kept alive: 2; route allocated: 1 of 2; total allocated: 2 of 20]
02:23:19.981 [jersey-client-async-executor-1] DEBUG org.apache.http.client.protocol.RequestAddCookies - CookieSpec selected: default
02:23:19.981 [jersey-client-async-executor-1] DEBUG org.apache.http.client.protocol.RequestAuthCache - Auth cache not set in the context
02:23:19.982 [jersey-client-async-executor-1] DEBUG org.apache.http.impl.conn.PoolingHttpClientConnectionManager - Connection request: [route: {s}->https://eyesapi.applitools.com:443][total kept alive: 2; route allocated: 1 of 2; total allocated: 2 of 20]
02:23:19.982 [jersey-client-async-executor-1] DEBUG org.apache.http.impl.conn.PoolingHttpClientConnectionManager - Connection leased: [id: 0][route: {s}->https://eyesapi.applitools.com:443][total kept alive: 1; route allocated: 1 of 2; total allocated: 2 of 20]
02:23:19.983 [jersey-client-async-executor-1] DEBUG org.apache.http.impl.execchain.MainClientExec - Executing request DELETE /api/tasks/00637430575988363374%7e2/result?apiKey=VNmDaPWGLMG1PBjouBddUT6iUAukSWznwUnumISSIwE110 HTTP/1.1
02:23:19.984 [jersey-client-async-executor-1] DEBUG org.apache.http.impl.execchain.MainClientExec - Target auth state: UNCHALLENGED
02:23:19.984 [jersey-client-async-executor-1] DEBUG org.apache.http.impl.execchain.MainClientExec - Proxy auth state: UNCHALLENGED
02:23:20.220 [jersey-client-async-executor-1] DEBUG org.apache.http.impl.execchain.MainClientExec - Connection can be kept alive indefinitely
02:23:20.220 [jersey-client-async-executor-1] DEBUG org.apache.http.impl.conn.PoolingHttpClientConnectionManager - Connection [id: 0][route: {s}->https://eyesapi.applitools.com:443] can be kept alive indefinitely
02:23:20.223 [jersey-client-async-executor-1] DEBUG org.apache.http.impl.conn.PoolingHttpClientConnectionManager - Connection released: [id: 0][route: {s}->https://eyesapi.applitools.com:443][total kept alive: 2; route allocated: 1 of 2; total allocated: 2 of 20]
02:23:20.282 [jersey-client-async-executor-1] DEBUG org.apache.http.client.protocol.RequestAddCookies - CookieSpec selected: default
02:23:20.282 [jersey-client-async-executor-1] DEBUG org.apache.http.client.protocol.RequestAuthCache - Auth cache not set in the context
02:23:20.283 [jersey-client-async-executor-1] DEBUG org.apache.http.impl.conn.PoolingHttpClientConnectionManager - Connection request: [route: {s}->https://eyesapi.applitools.com:443][total kept alive: 2; route allocated: 1 of 2; total allocated: 2 of 20]
02:23:20.284 [jersey-client-async-executor-1] DEBUG org.apache.http.impl.conn.PoolingHttpClientConnectionManager - Connection leased: [id: 0][route: {s}->https://eyesapi.applitools.com:443][total kept alive: 1; route allocated: 1 of 2; total allocated: 2 of 20]
02:23:20.284 [jersey-client-async-executor-1] DEBUG org.apache.http.impl.execchain.MainClientExec - Executing request DELETE /api/sessions/running/KeyMMzEv7UeKa7wZLSfZIw~~$1b59f78c9-7d6e-498e-a321-9a48f2f4026c$24?apiKey=VNmDaPWGLMG1PBjouBddUT6iUAukSWznwUnumISSIwE110&aborted=false&updateBaseline=false HTTP/1.1
02:23:20.285 [jersey-client-async-executor-1] DEBUG org.apache.http.impl.execchain.MainClientExec - Target auth state: UNCHALLENGED
02:23:20.285 [jersey-client-async-executor-1] DEBUG org.apache.http.impl.execchain.MainClientExec - Proxy auth state: UNCHALLENGED
02:23:20.541 [jersey-client-async-executor-1] DEBUG org.apache.http.impl.execchain.MainClientExec - Connection can be kept alive indefinitely
02:23:20.543 [jersey-client-async-executor-1] DEBUG org.apache.http.impl.conn.PoolingHttpClientConnectionManager - Connection [id: 0][route: {s}->https://eyesapi.applitools.com:443] can be kept alive indefinitely
02:23:20.544 [jersey-client-async-executor-1] DEBUG org.apache.http.impl.conn.PoolingHttpClientConnectionManager - Connection released: [id: 0][route: {s}->https://eyesapi.applitools.com:443][total kept alive: 2; route allocated: 1 of 2; total allocated: 2 of 20]
02:23:20.545 [jersey-client-async-executor-0] DEBUG org.apache.http.client.protocol.RequestAddCookies - CookieSpec selected: default
02:23:20.547 [jersey-client-async-executor-0] DEBUG org.apache.http.client.protocol.RequestAuthCache - Auth cache not set in the context
02:23:20.547 [jersey-client-async-executor-0] DEBUG org.apache.http.impl.conn.PoolingHttpClientConnectionManager - Connection request: [route: {s}->https://eyesapi.applitools.com:443][total kept alive: 2; route allocated: 1 of 2; total allocated: 2 of 20]
02:23:20.547 [jersey-client-async-executor-0] DEBUG org.apache.http.impl.conn.PoolingHttpClientConnectionManager - Connection leased: [id: 0][route: {s}->https://eyesapi.applitools.com:443][total kept alive: 1; route allocated: 1 of 2; total allocated: 2 of 20]
02:23:20.548 [jersey-client-async-executor-0] DEBUG org.apache.http.impl.execchain.MainClientExec - Executing request GET /api/tasks/00637430576004057581%7e2/status?apiKey=VNmDaPWGLMG1PBjouBddUT6iUAukSWznwUnumISSIwE110 HTTP/1.1
02:23:20.549 [jersey-client-async-executor-0] DEBUG org.apache.http.impl.execchain.MainClientExec - Target auth state: UNCHALLENGED
02:23:20.549 [jersey-client-async-executor-0] DEBUG org.apache.http.impl.execchain.MainClientExec - Proxy auth state: UNCHALLENGED
02:23:20.828 [jersey-client-async-executor-0] DEBUG org.apache.http.impl.execchain.MainClientExec - Connection can be kept alive indefinitely
02:23:20.828 [jersey-client-async-executor-0] DEBUG org.apache.http.impl.conn.PoolingHttpClientConnectionManager - Connection [id: 0][route: {s}->https://eyesapi.applitools.com:443] can be kept alive indefinitely
02:23:20.828 [jersey-client-async-executor-0] DEBUG org.apache.http.impl.conn.PoolingHttpClientConnectionManager - Connection released: [id: 0][route: {s}->https://eyesapi.applitools.com:443][total kept alive: 2; route allocated: 1 of 2; total allocated: 2 of 20]
02:23:20.830 [jersey-client-async-executor-1] DEBUG org.apache.http.client.protocol.RequestAddCookies - CookieSpec selected: default
02:23:20.831 [jersey-client-async-executor-1] DEBUG org.apache.http.client.protocol.RequestAuthCache - Auth cache not set in the context
02:23:20.832 [jersey-client-async-executor-1] DEBUG org.apache.http.impl.conn.PoolingHttpClientConnectionManager - Connection request: [route: {s}->https://eyesapi.applitools.com:443][total kept alive: 2; route allocated: 1 of 2; total allocated: 2 of 20]
02:23:20.832 [jersey-client-async-executor-1] DEBUG org.apache.http.impl.conn.PoolingHttpClientConnectionManager - Connection leased: [id: 0][route: {s}->https://eyesapi.applitools.com:443][total kept alive: 1; route allocated: 1 of 2; total allocated: 2 of 20]
02:23:20.833 [jersey-client-async-executor-1] DEBUG org.apache.http.impl.execchain.MainClientExec - Executing request DELETE /api/tasks/00637430576004057581%7e2/result?apiKey=VNmDaPWGLMG1PBjouBddUT6iUAukSWznwUnumISSIwE110 HTTP/1.1
02:23:20.833 [jersey-client-async-executor-1] DEBUG org.apache.http.impl.execchain.MainClientExec - Target auth state: UNCHALLENGED
02:23:20.833 [jersey-client-async-executor-1] DEBUG org.apache.http.impl.execchain.MainClientExec - Proxy auth state: UNCHALLENGED
02:23:21.066 [jersey-client-async-executor-1] DEBUG org.apache.http.impl.execchain.MainClientExec - Connection can be kept alive indefinitely
02:23:21.067 [jersey-client-async-executor-1] DEBUG org.apache.http.impl.conn.PoolingHttpClientConnectionManager - Connection [id: 0][route: {s}->https://eyesapi.applitools.com:443] can be kept alive indefinitely
02:23:21.067 [jersey-client-async-executor-1] DEBUG org.apache.http.impl.conn.PoolingHttpClientConnectionManager - Connection released: [id: 0][route: {s}->https://eyesapi.applitools.com:443][total kept alive: 2; route allocated: 1 of 2; total allocated: 2 of 20]
02:23:21.086 [TestNG-tests-1] DEBUG org.apache.http.impl.conn.PoolingHttpClientConnectionManager - Connection manager is shutting down
02:23:21.089 [TestNG-tests-1] DEBUG org.apache.http.impl.conn.PoolingHttpClientConnectionManager - Connection manager shut down
02:23:21.092 [TestNG-tests-1] INFO  logInTest - Getting value of cookie username
02:23:21.104 [TestNG-tests-1] INFO  logInTest - Username cookie: tomsmith
02:23:21.104 [TestNG-tests-1] INFO  logInTest - Getting value of cookie rack.session
02:23:21.110 [TestNG-tests-1] INFO  logInTest - Session cookie: BAh7CkkiD3Nlc3Npb25faWQGOgZFVEkiRTBkOTYyOWMwYTBkYTZkZmFkYmMw%0AOWFiZGZiYzU2YmVhNWIxMTQ2YWMyOGU4MmM5MzkxODI4ZTI4ZDZhM2NhZmUG%0AOwBGSSIJY3NyZgY7AEZJIiUxYWM0ZGZmYTNkZTI3MjVmY2FkOWQ1N2Y0MjIx%0AZGU1NwY7AEZJIg10cmFja2luZwY7AEZ7B0kiFEhUVFBfVVNFUl9BR0VOVAY7%0AAFRJIi0wNzdkMDA0OWFiYWQzMDg2ODc3YWIxNzUzN2ZhNTM2NmQ4NWNlNzhm%0ABjsARkkiGUhUVFBfQUNDRVBUX0xBTkdVQUdFBjsAVEkiLWQ0ZTdkMzNmNGVi%0ANzNiY2U4ZmY3MDdjODBiNjlhYzU3ZWU1YzlmYmMGOwBGSSIKZmxhc2gGOwBG%0AewBJIg11c2VybmFtZQY7AEZJIg10b21zbWl0aAY7AFQ%3D%0A--48f744d8634d449d844da51ca018500936dec352
02:23:21.197 [TestNG-tests-1] INFO  PositiveLogInTest123 - [Test logInTest failed]
02:23:21.202 [TestNG-tests-1] INFO  PositiveLogInTest123 - Driver hashcode for screenshot 603863486
02:23:21.516 [TestNG-tests-1] INFO  PositiveLogInTest123 - RP_MESSAGE#FILE#C:\Users\nabey\AppData\Local\Temp\screenshot17412394646827384075.png#Failure Screenshot
]]></system-out>
    <system-err><![CDATA[Dec 09, 2020 2:23:21 AM org.openqa.selenium.remote.Augmenter extractRemoteWebDriver
WARNING: Augmenter should be applied to the instances of @Augmentable classes or previously augmented instances only (instance class was: class org.openqa.selenium.chrome.ChromeDriver)
]]></system-err>
  </testcase>
</testsuite>