<?xml version="1.0" encoding="UTF-8"?>
<!-- Generated by org.testng.reporters.JUnitReportReporter -->
<testsuite hostname="DESKTOP-RJ88POF" failures="0" tests="3" name="com.webapp.uploadtests.UploadTests" time="34.192" errors="0" timestamp="2020-12-09T02:23:28 IST" skipped="0">
  <testcase classname="com.webapp.uploadtests.UploadTests" name="fileUploadTest" time="11.426"/>
  <system-out/>
  <testcase classname="com.webapp.uploadtests.UploadTests" name="fileUploadTest" time="11.786"/>
  <system-out/>
  <testcase classname="com.webapp.uploadtests.UploadTests" name="fileUploadTest" time="10.980"/>
  <system-out/>
</testsuite> <!-- com.webapp.uploadtests.UploadTests -->
